TN:
SF:src/decorators/file:/Users/cope/code/github/owservable/sqlite/src/decorators/live.updates.ts
FN:4,(anonymous_0)
FN:8,(anonymous_1)
FN:12,(anonymous_2)
FN:16,(anonymous_3)
FN:22,(anonymous_4)
FN:25,(anonymous_5)
FN:26,(anonymous_6)
FNF:7
FNH:7
FNDA:8,(anonymous_0)
FNDA:14,(anonymous_1)
FNDA:4,(anonymous_2)
FNDA:14,(anonymous_3)
FNDA:1,(anonymous_4)
FNDA:2,(anonymous_5)
FNDA:2,(anonymous_6)
DA:3,3
DA:5,8
DA:9,14
DA:13,4
DA:17,14
DA:20,3
DA:25,3
DA:26,2
DA:27,2
DA:30,3
LF:10
LH:10
BRF:0
BRH:0
end_of_record
TN:
SF:src/file:/Users/cope/code/github/owservable/sqlite/src/owservable.sqlite.ts
FN:21,(anonymous_10)
FNF:1
FNH:1
FNDA:1,(anonymous_10)
DA:3,1
DA:4,1
DA:5,1
DA:6,1
DA:8,1
DA:10,1
DA:11,1
DA:12,1
DA:13,1
DA:16,1
DA:17,1
DA:18,1
DA:19,1
DA:20,1
DA:21,2
DA:22,1
DA:23,1
DA:24,1
DA:25,1
DA:28,1
DA:29,1
LF:21
LH:21
BRF:0
BRH:0
end_of_record
TN:
SF:src/file:/Users/cope/code/github/owservable/sqlite/src/sqlite.backend.ts
FN:23,(anonymous_8)
FN:33,(anonymous_9)
FN:37,(anonymous_10)
FN:41,(anonymous_11)
FN:51,(anonymous_13)
FN:54,(anonymous_14)
FN:63,(anonymous_16)
FN:68,(anonymous_18)
FN:73,(anonymous_20)
FN:77,(anonymous_22)
FN:81,(anonymous_23)
FN:89,(anonymous_25)
FN:93,(anonymous_26)
FN:97,(anonymous_27)
FN:101,(anonymous_28)
FN:103,(anonymous_29)
FN:106,(anonymous_30)
FN:115,(anonymous_31)
FN:119,(anonymous_32)
FN:121,(anonymous_33)
FN:127,(anonymous_34)
FN:131,(anonymous_35)
FN:135,(anonymous_36)
FN:139,(anonymous_37)
FNF:24
FNH:24
FNDA:58,(anonymous_8)
FNDA:1,(anonymous_9)
FNDA:2,(anonymous_10)
FNDA:38,(anonymous_11)
FNDA:2,(anonymous_13)
FNDA:3,(anonymous_14)
FNDA:1,(anonymous_16)
FNDA:1,(anonymous_18)
FNDA:1,(anonymous_20)
FNDA:1,(anonymous_22)
FNDA:2,(anonymous_23)
FNDA:2,(anonymous_25)
FNDA:3,(anonymous_26)
FNDA:4,(anonymous_27)
FNDA:48,(anonymous_28)
FNDA:3,(anonymous_29)
FNDA:11,(anonymous_30)
FNDA:38,(anonymous_31)
FNDA:48,(anonymous_32)
FNDA:56,(anonymous_33)
FNDA:41,(anonymous_34)
FNDA:5,(anonymous_35)
FNDA:41,(anonymous_36)
FNDA:7,(anonymous_37)
DA:4,3
DA:5,3
DA:11,3
DA:13,3
DA:14,3
DA:16,3
DA:24,58
DA:25,58
DA:26,58
DA:28,58
DA:29,58
DA:30,58
DA:34,1
DA:38,2
DA:42,38
DA:49,38
DA:50,38
DA:51,38
DA:55,3
DA:56,3
DA:60,3
DA:64,1
DA:65,1
DA:69,1
DA:70,1
DA:74,1
DA:78,1
DA:82,2
DA:83,2
DA:84,2
DA:86,2
DA:90,2
DA:94,3
DA:98,4
DA:102,48
DA:103,43
DA:105,41
DA:106,41
DA:107,11
DA:108,11
DA:109,8
DA:110,5
DA:112,41
DA:116,38
DA:118,28
DA:119,28
DA:120,48
DA:121,56
DA:122,39
DA:124,28
DA:128,41
DA:129,4
DA:131,5
DA:132,3
DA:136,41
DA:138,3
DA:139,7
DA:141,3
LF:58
LH:58
BRDA:45,0,0,37
BRDA:45,0,1,1
BRDA:45,1,0,38
BRDA:45,1,1,36
BRDA:46,2,0,37
BRDA:46,2,1,1
BRDA:46,3,0,38
BRDA:46,3,1,36
BRDA:60,4,0,2
BRDA:60,4,1,1
BRDA:102,5,0,5
BRDA:102,5,1,43
BRDA:102,6,0,48
BRDA:102,6,1,45
BRDA:103,7,0,2
BRDA:103,7,1,41
BRDA:108,8,0,3
BRDA:108,8,1,8
BRDA:109,9,0,3
BRDA:109,9,1,5
BRDA:109,10,0,8
BRDA:109,10,1,7
BRDA:109,10,2,6
BRDA:116,11,0,10
BRDA:116,11,1,28
BRDA:116,12,0,38
BRDA:116,12,1,30
BRDA:121,13,0,9
BRDA:121,13,1,39
BRDA:121,14,0,48
BRDA:121,14,1,44
BRDA:122,15,0,15
BRDA:122,15,1,24
BRDA:124,16,0,1
BRDA:124,16,1,27
BRDA:128,17,0,37
BRDA:128,17,1,4
BRDA:129,18,0,1
BRDA:129,18,1,3
BRDA:132,19,0,1
BRDA:132,19,1,2
BRDA:136,20,0,38
BRDA:136,20,1,3
BRDA:139,21,0,2
BRDA:139,21,1,5
BRDA:139,22,0,2
BRDA:139,22,1,3
BRDA:139,23,0,5
BRDA:139,23,1,3
BRDA:141,24,0,1
BRDA:141,24,1,2
BRF:51
BRH:51
end_of_record
TN:
SF:src/file:/Users/cope/code/github/owservable/sqlite/src/sqlite.connector.ts
FN:24,(anonymous_8)
FN:46,(anonymous_10)
FN:64,(anonymous_11)
FN:68,(anonymous_12)
FN:72,(anonymous_13)
FN:82,(anonymous_15)
FNF:6
FNH:6
FNDA:7,(anonymous_8)
FNDA:10,(anonymous_10)
FNDA:3,(anonymous_11)
FNDA:3,(anonymous_12)
FNDA:10,(anonymous_13)
FNDA:1,(anonymous_15)
DA:3,2
DA:5,2
DA:7,2
DA:8,2
DA:9,2
DA:10,2
DA:11,2
DA:23,2
DA:25,7
DA:27,6
DA:29,6
DA:35,6
DA:36,6
DA:37,6
DA:38,6
DA:40,6
DA:41,5
DA:42,5
DA:45,6
DA:46,10
DA:47,5
DA:50,6
DA:52,6
DA:53,12
DA:54,12
DA:56,12
DA:57,12
DA:60,6
DA:61,6
DA:65,3
DA:69,3
DA:73,10
DA:74,10
DA:75,6
DA:76,6
LF:35
LH:35
BRDA:25,0,0,1
BRDA:25,0,1,6
BRDA:27,1,0,5
BRDA:27,2,0,4
BRDA:27,3,0,5
BRDA:27,4,0,4
BRDA:27,5,0,5
BRDA:40,6,0,5
BRDA:40,6,1,1
BRDA:42,7,0,4
BRDA:42,7,1,1
BRDA:45,8,0,5
BRDA:45,8,1,1
BRDA:69,9,0,2
BRDA:69,9,1,1
BRDA:69,10,0,3
BRDA:69,10,1,2
BRDA:74,11,0,6
BRDA:74,11,1,4
BRF:19
BRH:19
end_of_record
TN:
SF:src/file:/Users/cope/code/github/owservable/sqlite/src/sqlite.journal.poller.ts
FN:16,(anonymous_7)
FN:21,(anonymous_8)
FN:25,(anonymous_9)
FN:42,(anonymous_10)
FN:51,(anonymous_11)
FN:53,(anonymous_12)
FN:54,(anonymous_13)
FN:64,(anonymous_14)
FN:92,(anonymous_16)
FNF:9
FNH:9
FNDA:14,(anonymous_7)
FNDA:6,(anonymous_8)
FNDA:20,(anonymous_9)
FNDA:13,(anonymous_10)
FNDA:48,(anonymous_11)
FNDA:47,(anonymous_12)
FNDA:1,(anonymous_13)
FNDA:48,(anonymous_14)
FNDA:13,(anonymous_16)
DA:3,3
DA:12,3
DA:13,3
DA:15,3
DA:17,14
DA:18,14
DA:22,6
DA:26,20
DA:27,13
DA:28,13
DA:43,13
DA:44,13
DA:45,13
DA:46,13
DA:48,13
DA:49,13
DA:51,13
DA:52,48
DA:53,47
DA:55,1
DA:56,1
DA:60,13
DA:61,13
DA:65,48
DA:66,47
DA:68,47
DA:69,47
DA:70,47
DA:72,46
DA:73,4
DA:74,4
DA:82,46
DA:83,46
DA:84,1
DA:85,1
DA:88,47
DA:93,13
DA:94,13
DA:95,13
LF:39
LH:39
BRDA:16,0,0,1
BRDA:17,1,0,13
BRDA:17,1,1,1
BRDA:26,2,0,7
BRDA:26,2,1,13
BRDA:65,3,0,1
BRDA:65,3,1,47
BRDA:78,4,0,1
BRDA:78,4,1,3
BRDA:83,5,0,1
BRDA:83,5,1,45
BRF:11
BRH:11
end_of_record
TN:
SF:src/file:/Users/cope/code/github/owservable/sqlite/src/tables.entities.map.ts
FN:4,(anonymous_0)
FN:8,(anonymous_1)
FN:12,(anonymous_2)
FN:16,(anonymous_3)
FN:20,(anonymous_4)
FN:26,(anonymous_5)
FNF:6
FNH:6
FNDA:19,(anonymous_0)
FNDA:7,(anonymous_1)
FNDA:3,(anonymous_2)
FNDA:2,(anonymous_3)
FNDA:15,(anonymous_4)
FNDA:1,(anonymous_5)
DA:3,3
DA:5,19
DA:9,7
DA:13,3
DA:17,2
DA:21,15
DA:24,3
LF:7
LH:7
BRDA:9,0,0,5
BRDA:9,0,1,2
BRDA:9,1,0,7
BRDA:9,1,1,7
BRF:4
BRH:4
end_of_record
TN:
SF:src/functions/file:/Users/cope/code/github/owservable/sqlite/src/functions/install.triggers.ts
FN:5,(anonymous_7)
FN:17,(anonymous_8)
FN:18,(anonymous_9)
FN:22,(anonymous_10)
FN:37,(anonymous_11)
FN:37,(anonymous_12)
FNF:6
FNH:6
FNDA:10,(anonymous_7)
FNDA:9,(anonymous_8)
FNDA:7,(anonymous_9)
FNDA:9,(anonymous_10)
FNDA:10,(anonymous_11)
FNDA:10,(anonymous_12)
DA:3,3
DA:5,10
DA:17,3
DA:18,9
DA:19,9
DA:22,9
DA:37,10
DA:38,10
DA:40,10
DA:41,20
DA:44,10
DA:45,9
DA:46,9
DA:47,9
DA:48,9
DA:50,9
DA:51,9
DA:52,11
DA:53,9
DA:56,9
DA:57,54
DA:59,9
DA:62,3
LF:23
LH:23
BRDA:48,0,0,5
BRDA:48,0,1,4
BRDA:48,1,0,9
BRDA:48,1,1,9
BRDA:48,2,0,4
BRDA:48,2,1,5
BRDA:48,3,0,9
BRDA:48,3,1,9
BRDA:48,4,0,2
BRDA:48,4,1,7
BRDA:48,5,0,9
BRDA:48,5,1,9
BRDA:51,6,0,7
BRDA:51,6,1,2
BRDA:51,7,0,9
BRDA:51,7,1,9
BRDA:52,8,0,2
BRDA:52,8,1,9
BRDA:52,9,0,9
BRDA:52,9,1,2
BRDA:52,10,0,11
BRDA:52,10,1,11
BRDA:53,11,0,7
BRDA:53,11,1,2
BRDA:53,12,0,9
BRDA:53,12,1,9
BRF:26
BRH:26
end_of_record
TN:
SF:src/functions/file:/Users/cope/code/github/owservable/sqlite/src/functions/observable.table.ts
FN:17,(anonymous_7)
FN:31,(anonymous_8)
FN:32,(anonymous_9)
FN:38,(anonymous_10)
FN:40,(anonymous_11)
FN:42,(anonymous_12)
FN:43,(anonymous_13)
FN:50,(anonymous_14)
FN:53,(anonymous_15)
FN:57,(anonymous_16)
FN:61,(anonymous_17)
FN:65,(anonymous_18)
FN:69,(anonymous_19)
FN:91,(anonymous_21)
FNF:14
FNH:14
FNDA:19,(anonymous_7)
FNDA:45,(anonymous_8)
FNDA:32,(anonymous_9)
FNDA:9,(anonymous_10)
FNDA:7,(anonymous_11)
FNDA:6,(anonymous_12)
FNDA:1,(anonymous_13)
FNDA:4,(anonymous_14)
FNDA:1,(anonymous_15)
FNDA:3,(anonymous_16)
FNDA:1,(anonymous_17)
FNDA:10,(anonymous_18)
FNDA:7,(anonymous_19)
FNDA:2,(anonymous_21)
DA:3,5
DA:4,5
DA:5,5
DA:18,19
DA:20,19
DA:21,19
DA:23,19
DA:24,19
DA:25,19
DA:27,19
DA:28,19
DA:30,19
DA:31,19
DA:32,45
DA:33,32
DA:37,19
DA:38,9
DA:41,7
DA:42,6
DA:44,1
DA:49,19
DA:50,4
DA:53,1
DA:58,3
DA:62,1
DA:66,10
DA:70,7
DA:72,7
DA:73,7
DA:75,7
DA:76,1
DA:79,6
DA:80,6
DA:81,5
DA:82,1
DA:85,4
DA:86,4
DA:89,4
DA:90,2
DA:91,2
DA:92,2
DA:93,2
DA:95,2
DA:98,4
DA:101,5
LF:45
LH:45
BRDA:28,0,0,18
BRDA:28,0,1,1
BRDA:28,1,0,19
BRDA:28,1,1,19
BRDA:28,2,0,1
BRDA:28,2,1,18
BRDA:28,3,0,19
BRDA:28,3,1,19
BRDA:32,4,0,32
BRDA:32,4,1,13
BRDA:32,5,0,45
BRDA:32,5,1,45
BRDA:38,6,0,1
BRDA:38,6,1,8
BRDA:38,7,0,9
BRDA:38,7,1,9
BRDA:50,8,0,1
BRDA:50,8,1,3
BRDA:50,9,0,4
BRDA:50,9,1,4
BRDA:66,10,0,7
BRDA:66,10,1,3
BRDA:75,11,0,1
BRDA:75,11,1,6
BRDA:81,12,0,1
BRDA:81,12,1,4
BRDA:89,13,0,2
BRDA:89,13,1,2
BRDA:91,14,0,1
BRDA:91,14,1,1
BRDA:91,15,0,2
BRDA:91,15,1,1
BRDA:92,16,0,1
BRDA:92,16,1,1
BRDA:92,17,0,2
BRDA:92,17,1,2
BRF:36
BRH:36
end_of_record
TN:
SF:src/functions/file:/Users/cope/code/github/owservable/sqlite/src/functions/observable.tables.map.ts
FN:7,(anonymous_1)
FN:12,(anonymous_2)
FN:23,(anonymous_3)
FN:31,(anonymous_4)
FNF:4
FNH:4
FNDA:10,(anonymous_1)
FNDA:8,(anonymous_2)
FNDA:58,(anonymous_3)
FNDA:2,(anonymous_4)
DA:3,4
DA:8,10
DA:9,10
DA:13,8
DA:14,8
DA:16,8
DA:17,8
DA:18,8
DA:20,8
DA:24,58
DA:32,2
DA:35,4
LF:12
LH:12
BRDA:8,0,0,2
BRDA:8,0,1,8
BRDA:18,1,0,6
BRDA:18,1,1,2
BRDA:24,2,0,47
BRDA:24,2,1,11
BRF:6
BRH:6
end_of_record
TN:
SF:src/functions/file:/Users/cope/code/github/owservable/sqlite/src/functions/process.entities.ts
FN:9,(anonymous_9)
FN:16,(anonymous_10)
FN:20,(anonymous_11)
FN:23,(anonymous_12)
FN:28,(anonymous_13)
FN:38,(anonymous_14)
FN:39,(anonymous_15)
FN:41,(anonymous_16)
FN:47,(anonymous_17)
FN:50,(anonymous_18)
FN:53,(anonymous_19)
FNF:11
FNH:11
FNDA:18,(anonymous_9)
FNDA:18,(anonymous_10)
FNDA:11,(anonymous_11)
FNDA:18,(anonymous_12)
FNDA:34,(anonymous_13)
FNDA:34,(anonymous_14)
FNDA:34,(anonymous_15)
FNDA:22,(anonymous_16)
FNDA:12,(anonymous_17)
FNDA:7,(anonymous_18)
FNDA:6,(anonymous_19)
DA:3,2
DA:4,2
DA:6,2
DA:7,2
DA:9,2
DA:10,18
DA:11,18
DA:12,18
DA:13,17
DA:16,2
DA:17,18
DA:18,13
DA:20,11
DA:23,2
DA:24,18
DA:26,14
DA:28,14
DA:29,34
DA:30,34
DA:31,34
DA:38,34
DA:39,34
DA:41,14
DA:42,22
DA:43,22
DA:44,18
DA:47,13
DA:50,2
DA:51,7
DA:52,7
DA:53,7
DA:54,6
DA:57,2
LF:33
LH:33
BRDA:12,0,0,1
BRDA:12,0,1,17
BRDA:17,1,0,5
BRDA:17,1,1,13
BRDA:18,2,0,5
BRDA:18,2,1,8
BRDA:24,3,0,4
BRDA:24,3,1,14
BRDA:43,4,0,4
BRDA:43,4,1,18
BRDA:43,5,0,22
BRDA:43,5,1,8
BRDA:50,6,0,2
BRF:13
BRH:13
end_of_record
